  [4;36;1mSQL (0.0ms)[0m   [0;1mSET SQL_AUTO_IS_NULL=0[0m
  [4;35;1mSQL (13.0ms)[0m   [0mSHOW TABLES[0m
  [4;36;1mSQL (94.0ms)[0m   [0;1mCREATE TABLE `schema_migrations` (`version` varchar(255) NOT NULL) ENGINE=InnoDB[0m
  [4;35;1mSQL (165.0ms)[0m   [0mCREATE UNIQUE INDEX `unique_schema_migrations` ON `schema_migrations` (`version`)[0m
  [4;36;1mSQL (0.0ms)[0m   [0;1mSHOW TABLES[0m
  [4;35;1mSQL (1.0ms)[0m   [0mSELECT version FROM schema_migrations[0m
Migrating to AddUserTable (20090706151722)
  [4;36;1mSQL (59.0ms)[0m   [0;1mCREATE TABLE `users` (`id` int(11) DEFAULT NULL auto_increment PRIMARY KEY, `username` varchar(255), `password_salt` varchar(255), `password_hash` varchar(255)) ENGINE=InnoDB[0m
  [4;35;1mSQL (15.0ms)[0m   [0mINSERT INTO schema_migrations (version) VALUES ('20090706151722')[0m
Migrating to AddRolesAndRightsTables (20090706155457)
  [4;36;1mSQL (83.0ms)[0m   [0;1mCREATE TABLE `roles_users` (`role_id` int(11), `user_id` int(11)) ENGINE=InnoDB[0m
  [4;35;1mSQL (55.0ms)[0m   [0mCREATE TABLE `roles` (`id` int(11) DEFAULT NULL auto_increment PRIMARY KEY, `name` varchar(255)) ENGINE=InnoDB[0m
  [4;36;1mSQL (57.0ms)[0m   [0;1mCREATE TABLE `rights_roles` (`right_id` int(11), `role_id` int(11)) ENGINE=InnoDB[0m
  [4;35;1mSQL (65.0ms)[0m   [0mCREATE TABLE `rights` (`id` int(11) DEFAULT NULL auto_increment PRIMARY KEY, `name` varchar(255), `controller` varchar(255), `action` varchar(255)) ENGINE=InnoDB[0m
  [4;36;1mSQL (16.0ms)[0m   [0;1mINSERT INTO schema_migrations (version) VALUES ('20090706155457')[0m
Migrating to AddNameAndStyleToUser (20090706163238)
  [4;35;1mSQL (146.0ms)[0m   [0mALTER TABLE `users` ADD `style` varchar(255)[0m
  [4;36;1mSQL (114.0ms)[0m   [0;1mALTER TABLE `users` ADD `first_name` varchar(255)[0m
  [4;35;1mSQL (115.0ms)[0m   [0mALTER TABLE `users` ADD `name` varchar(255)[0m
  [4;36;1mSQL (24.0ms)[0m   [0;1mINSERT INTO schema_migrations (version) VALUES ('20090706163238')[0m
Migrating to AddEmailToUser (20090707122034)
  [4;35;1mSQL (122.0ms)[0m   [0mALTER TABLE `users` ADD `email` varchar(255)[0m
  [4;36;1mSQL (24.0ms)[0m   [0;1mINSERT INTO schema_migrations (version) VALUES ('20090707122034')[0m
  [4;35;1mSQL (0.0ms)[0m   [0mSHOW TABLES[0m
  [4;36;1mSQL (1.0ms)[0m   [0;1mSELECT version FROM schema_migrations[0m
  [4;35;1mSQL (0.0ms)[0m   [0mSHOW TABLES[0m
  [4;36;1mSQL (3.0ms)[0m   [0;1mSHOW FIELDS FROM `rights`[0m
  [4;35;1mSQL (2.0ms)[0m   [0mdescribe `rights`[0m
  [4;36;1mSQL (0.0ms)[0m   [0;1mSHOW KEYS FROM `rights`[0m
  [4;35;1mSQL (2.0ms)[0m   [0mSHOW FIELDS FROM `rights_roles`[0m
  [4;36;1mSQL (3.0ms)[0m   [0;1mdescribe `rights_roles`[0m
  [4;35;1mSQL (1.0ms)[0m   [0mSHOW KEYS FROM `rights_roles`[0m
  [4;36;1mSQL (3.0ms)[0m   [0;1mSHOW FIELDS FROM `roles`[0m
  [4;35;1mSQL (3.0ms)[0m   [0mdescribe `roles`[0m
  [4;36;1mSQL (1.0ms)[0m   [0;1mSHOW KEYS FROM `roles`[0m
  [4;35;1mSQL (2.0ms)[0m   [0mSHOW FIELDS FROM `roles_users`[0m
  [4;36;1mSQL (3.0ms)[0m   [0;1mdescribe `roles_users`[0m
  [4;35;1mSQL (1.0ms)[0m   [0mSHOW KEYS FROM `roles_users`[0m
  [4;36;1mSQL (3.0ms)[0m   [0;1mSHOW FIELDS FROM `users`[0m
  [4;35;1mSQL (2.0ms)[0m   [0mdescribe `users`[0m
  [4;36;1mSQL (1.0ms)[0m   [0;1mSHOW KEYS FROM `users`[0m
